...F....F.FFFEE.
======================================================================
ERROR: test_n_replication_remove_node (__main__.TestHW3)
----------------------------------------------------------------------
Traceback (most recent call last):
  File "/usr/local/lib/python3.7/site-packages/urllib3/connection.py", line 159, in _new_conn
    (self._dns_host, self.port), self.timeout, **extra_kw)
  File "/usr/local/lib/python3.7/site-packages/urllib3/util/connection.py", line 80, in create_connection
    raise err
  File "/usr/local/lib/python3.7/site-packages/urllib3/util/connection.py", line 70, in create_connection
    sock.connect(sa)
TimeoutError: [Errno 60] Operation timed out

During handling of the above exception, another exception occurred:

Traceback (most recent call last):
  File "/usr/local/lib/python3.7/site-packages/urllib3/connectionpool.py", line 600, in urlopen
    chunked=chunked)
  File "/usr/local/lib/python3.7/site-packages/urllib3/connectionpool.py", line 354, in _make_request
    conn.request(method, url, **httplib_request_kw)
  File "/usr/local/Cellar/python/3.7.0/Frameworks/Python.framework/Versions/3.7/lib/python3.7/http/client.py", line 1229, in request
    self._send_request(method, url, body, headers, encode_chunked)
  File "/usr/local/Cellar/python/3.7.0/Frameworks/Python.framework/Versions/3.7/lib/python3.7/http/client.py", line 1275, in _send_request
    self.endheaders(body, encode_chunked=encode_chunked)
  File "/usr/local/Cellar/python/3.7.0/Frameworks/Python.framework/Versions/3.7/lib/python3.7/http/client.py", line 1224, in endheaders
    self._send_output(message_body, encode_chunked=encode_chunked)
  File "/usr/local/Cellar/python/3.7.0/Frameworks/Python.framework/Versions/3.7/lib/python3.7/http/client.py", line 1016, in _send_output
    self.send(msg)
  File "/usr/local/Cellar/python/3.7.0/Frameworks/Python.framework/Versions/3.7/lib/python3.7/http/client.py", line 956, in send
    self.connect()
  File "/usr/local/lib/python3.7/site-packages/urllib3/connection.py", line 181, in connect
    conn = self._new_conn()
  File "/usr/local/lib/python3.7/site-packages/urllib3/connection.py", line 168, in _new_conn
    self, "Failed to establish a new connection: %s" % e)
urllib3.exceptions.NewConnectionError: <urllib3.connection.HTTPConnection object at 0x105800b38>: Failed to establish a new connection: [Errno 60] Operation timed out

During handling of the above exception, another exception occurred:

Traceback (most recent call last):
  File "/usr/local/lib/python3.7/site-packages/requests/adapters.py", line 449, in send
    timeout=timeout
  File "/usr/local/lib/python3.7/site-packages/urllib3/connectionpool.py", line 638, in urlopen
    _stacktrace=sys.exc_info()[2])
  File "/usr/local/lib/python3.7/site-packages/urllib3/util/retry.py", line 398, in increment
    raise MaxRetryError(_pool, url, error or ResponseError(cause))
urllib3.exceptions.MaxRetryError: HTTPConnectionPool(host='10.0.0.3', port=8080): Max retries exceeded with url: /keyValue-store/search/HeyWhereDidYouGo (Caused by NewConnectionError('<urllib3.connection.HTTPConnection object at 0x105800b38>: Failed to establish a new connection: [Errno 60] Operation timed out'))

During handling of the above exception, another exception occurred:

Traceback (most recent call last):
  File "hw3_test.py", line 555, in test_n_replication_remove_node
    payload = self.getPayload(removedNode["networkIpPortAddress"], key)
  File "hw3_test.py", line 113, in getPayload
    response = checkKey(ipPort, key, {})
  File "hw3_test.py", line 73, in checkKey
    return requests.get( 'http://%s/keyValue-store/search/%s'%(str(ipPort), key), data={'payload': json.dumps(payload)} )
  File "/usr/local/lib/python3.7/site-packages/requests/api.py", line 75, in get
    return request('get', url, params=params, **kwargs)
  File "/usr/local/lib/python3.7/site-packages/requests/api.py", line 60, in request
    return session.request(method=method, url=url, **kwargs)
  File "/usr/local/lib/python3.7/site-packages/requests/sessions.py", line 533, in request
    resp = self.send(prep, **send_kwargs)
  File "/usr/local/lib/python3.7/site-packages/requests/sessions.py", line 646, in send
    r = adapter.send(request, **kwargs)
  File "/usr/local/lib/python3.7/site-packages/requests/adapters.py", line 516, in send
    raise ConnectionError(e, request=request)
requests.exceptions.ConnectionError: HTTPConnectionPool(host='10.0.0.3', port=8080): Max retries exceeded with url: /keyValue-store/search/HeyWhereDidYouGo (Caused by NewConnectionError('<urllib3.connection.HTTPConnection object at 0x105800b38>: Failed to establish a new connection: [Errno 60] Operation timed out'))

======================================================================
ERROR: test_o_replication_remove_node_dont_talk_to_the_dead (__main__.TestHW3)
----------------------------------------------------------------------
Traceback (most recent call last):
  File "/usr/local/lib/python3.7/site-packages/urllib3/connection.py", line 159, in _new_conn
    (self._dns_host, self.port), self.timeout, **extra_kw)
  File "/usr/local/lib/python3.7/site-packages/urllib3/util/connection.py", line 80, in create_connection
    raise err
  File "/usr/local/lib/python3.7/site-packages/urllib3/util/connection.py", line 70, in create_connection
    sock.connect(sa)
TimeoutError: [Errno 60] Operation timed out

During handling of the above exception, another exception occurred:

Traceback (most recent call last):
  File "/usr/local/lib/python3.7/site-packages/urllib3/connectionpool.py", line 600, in urlopen
    chunked=chunked)
  File "/usr/local/lib/python3.7/site-packages/urllib3/connectionpool.py", line 354, in _make_request
    conn.request(method, url, **httplib_request_kw)
  File "/usr/local/Cellar/python/3.7.0/Frameworks/Python.framework/Versions/3.7/lib/python3.7/http/client.py", line 1229, in request
    self._send_request(method, url, body, headers, encode_chunked)
  File "/usr/local/Cellar/python/3.7.0/Frameworks/Python.framework/Versions/3.7/lib/python3.7/http/client.py", line 1275, in _send_request
    self.endheaders(body, encode_chunked=encode_chunked)
  File "/usr/local/Cellar/python/3.7.0/Frameworks/Python.framework/Versions/3.7/lib/python3.7/http/client.py", line 1224, in endheaders
    self._send_output(message_body, encode_chunked=encode_chunked)
  File "/usr/local/Cellar/python/3.7.0/Frameworks/Python.framework/Versions/3.7/lib/python3.7/http/client.py", line 1016, in _send_output
    self.send(msg)
  File "/usr/local/Cellar/python/3.7.0/Frameworks/Python.framework/Versions/3.7/lib/python3.7/http/client.py", line 956, in send
    self.connect()
  File "/usr/local/lib/python3.7/site-packages/urllib3/connection.py", line 181, in connect
    conn = self._new_conn()
  File "/usr/local/lib/python3.7/site-packages/urllib3/connection.py", line 168, in _new_conn
    self, "Failed to establish a new connection: %s" % e)
urllib3.exceptions.NewConnectionError: <urllib3.connection.HTTPConnection object at 0x1058f15c0>: Failed to establish a new connection: [Errno 60] Operation timed out

During handling of the above exception, another exception occurred:

Traceback (most recent call last):
  File "/usr/local/lib/python3.7/site-packages/requests/adapters.py", line 449, in send
    timeout=timeout
  File "/usr/local/lib/python3.7/site-packages/urllib3/connectionpool.py", line 638, in urlopen
    _stacktrace=sys.exc_info()[2])
  File "/usr/local/lib/python3.7/site-packages/urllib3/util/retry.py", line 398, in increment
    raise MaxRetryError(_pool, url, error or ResponseError(cause))
urllib3.exceptions.MaxRetryError: HTTPConnectionPool(host='10.0.0.2', port=8080): Max retries exceeded with url: /view (Caused by NewConnectionError('<urllib3.connection.HTTPConnection object at 0x1058f15c0>: Failed to establish a new connection: [Errno 60] Operation timed out'))

During handling of the above exception, another exception occurred:

Traceback (most recent call last):
  File "hw3_test.py", line 596, in test_o_replication_remove_node_dont_talk_to_the_dead
    expectedMsg="Successfully removed %s from view"%removedNode["networkIpPortAddress"])
  File "hw3_test.py", line 187, in confirmDeleteNode
    response = removeNode(ipPort, removedAddress)
  File "hw3_test.py", line 90, in removeNode
    return requests.delete( 'http://%s/view'%str(ipPort), data={'ip_port':oldAddress} )
  File "/usr/local/lib/python3.7/site-packages/requests/api.py", line 158, in delete
    return request('delete', url, **kwargs)
  File "/usr/local/lib/python3.7/site-packages/requests/api.py", line 60, in request
    return session.request(method=method, url=url, **kwargs)
  File "/usr/local/lib/python3.7/site-packages/requests/sessions.py", line 533, in request
    resp = self.send(prep, **send_kwargs)
  File "/usr/local/lib/python3.7/site-packages/requests/sessions.py", line 646, in send
    r = adapter.send(request, **kwargs)
  File "/usr/local/lib/python3.7/site-packages/requests/adapters.py", line 516, in send
    raise ConnectionError(e, request=request)
requests.exceptions.ConnectionError: HTTPConnectionPool(host='10.0.0.2', port=8080): Max retries exceeded with url: /view (Caused by NewConnectionError('<urllib3.connection.HTTPConnection object at 0x1058f15c0>: Failed to establish a new connection: [Errno 60] Operation timed out'))

======================================================================
FAIL: test_d_delete_value_two_nodes (__main__.TestHW3)
----------------------------------------------------------------------
Traceback (most recent call last):
  File "hw3_test.py", line 366, in test_d_delete_value_two_nodes
    payload=payload)
  File "hw3_test.py", line 136, in confirmCheckKey
    self.assertEqual(data['isExists'], expectedIsExists)
AssertionError: True != False

======================================================================
FAIL: test_i_add_node_to_network (__main__.TestHW3)
----------------------------------------------------------------------
Traceback (most recent call last):
  File "hw3_test.py", line 419, in test_i_add_node_to_network
    expectedMsg="Successfully added %s to view"%newView)
  File "hw3_test.py", line 180, in confirmAddNode
    self.assertEqual(response.status_code, expectedStatus)
AssertionError: 404 != 200

======================================================================
FAIL: test_k_replication_add_node_get_up_to_speed (__main__.TestHW3)
----------------------------------------------------------------------
Traceback (most recent call last):
  File "hw3_test.py", line 457, in test_k_replication_add_node_get_up_to_speed
    self.test_i_add_node_to_network()
  File "hw3_test.py", line 419, in test_i_add_node_to_network
    expectedMsg="Successfully added %s to view"%newView)
  File "hw3_test.py", line 180, in confirmAddNode
    self.assertEqual(response.status_code, expectedStatus)
AssertionError: 404 != 200

======================================================================
FAIL: test_l_replication_add_node_keep_up_to_speed (__main__.TestHW3)
----------------------------------------------------------------------
Traceback (most recent call last):
  File "hw3_test.py", line 483, in test_l_replication_add_node_keep_up_to_speed
    self.test_i_add_node_to_network()
  File "hw3_test.py", line 419, in test_i_add_node_to_network
    expectedMsg="Successfully added %s to view"%newView)
  File "hw3_test.py", line 180, in confirmAddNode
    self.assertEqual(response.status_code, expectedStatus)
AssertionError: 404 != 200

======================================================================
FAIL: test_m_replication_add_node_make_sure_it_tells_everyone_else_about_new_things (__main__.TestHW3)
----------------------------------------------------------------------
Traceback (most recent call last):
  File "hw3_test.py", line 517, in test_m_replication_add_node_make_sure_it_tells_everyone_else_about_new_things
    self.test_i_add_node_to_network()
  File "hw3_test.py", line 419, in test_i_add_node_to_network
    expectedMsg="Successfully added %s to view"%newView)
  File "hw3_test.py", line 180, in confirmAddNode
    self.assertEqual(response.status_code, expectedStatus)
AssertionError: 404 != 200

----------------------------------------------------------------------
Ran 16 tests in 320.389s

FAILED (failures=5, errors=2)
spinning docker container: localhost:8082
['docker', 'run', '-p', '8082:8080', '--net=mynet', '--ip=10.0.0.2', '-e', 'VIEW=10.0.0.2:8080,10.0.0.3:8080', '-e', 'IP_PORT=10.0.0.2:8080', '-d', 'cs128-hw3']
spinning docker container: localhost:8083
['docker', 'run', '-p', '8083:8080', '--net=mynet', '--ip=10.0.0.3', '-e', 'VIEW=10.0.0.2:8080,10.0.0.3:8080', '-e', 'IP_PORT=10.0.0.3:8080', '-d', 'cs128-hw3']
completed spinning docker containers
PUT: http://localhost:8082/keyValue-store/addNewKey
PUT: http://localhost:8082/keyValue-store/addNewKey
GET: http://localhost:8082/keyValue-store/search/addNewKey
<Response [200]>
GET: http://localhost:8082/keyValue-store/addNewKey
<Response [200]>
cleaning up all docker containers
done cleaning
spinning docker container: localhost:8082
['docker', 'run', '-p', '8082:8080', '--net=mynet', '--ip=10.0.0.2', '-e', 'VIEW=10.0.0.2:8080,10.0.0.3:8080', '-e', 'IP_PORT=10.0.0.2:8080', '-d', 'cs128-hw3']
spinning docker container: localhost:8083
['docker', 'run', '-p', '8083:8080', '--net=mynet', '--ip=10.0.0.3', '-e', 'VIEW=10.0.0.2:8080,10.0.0.3:8080', '-e', 'IP_PORT=10.0.0.3:8080', '-d', 'cs128-hw3']
completed spinning docker containers
GET: http://localhost:8082/keyValue-store/search/keyOnBothNodes
<Response [200]>
PUT: http://localhost:8082/keyValue-store/keyOnBothNodes
GET: http://localhost:8082/keyValue-store/search/keyOnBothNodes
<Response [200]>
GET: http://localhost:8083/keyValue-store/search/keyOnBothNodes
<Response [200]>
GET: http://localhost:8083/keyValue-store/keyOnBothNodes
<Response [200]>
cleaning up all docker containers
done cleaning
spinning docker container: localhost:8082
['docker', 'run', '-p', '8082:8080', '--net=mynet', '--ip=10.0.0.2', '-e', 'VIEW=10.0.0.2:8080,10.0.0.3:8080', '-e', 'IP_PORT=10.0.0.2:8080', '-d', 'cs128-hw3']
spinning docker container: localhost:8083
['docker', 'run', '-p', '8083:8080', '--net=mynet', '--ip=10.0.0.3', '-e', 'VIEW=10.0.0.2:8080,10.0.0.3:8080', '-e', 'IP_PORT=10.0.0.3:8080', '-d', 'cs128-hw3']
completed spinning docker containers
GET: http://localhost:8082/keyValue-store/search/keyToBeDeletedFromOneNode
<Response [200]>
PUT: http://localhost:8082/keyValue-store/keyToBeDeletedFromOneNode
GET: http://localhost:8082/keyValue-store/search/keyToBeDeletedFromOneNode
<Response [200]>
DELETE: http://localhost:8082/keyValue-store/keyToBeDeletedFromOneNode
<Response [200]>
GET: http://localhost:8082/keyValue-store/search/keyToBeDeletedFromOneNode
<Response [200]>
cleaning up all docker containers
done cleaning
spinning docker container: localhost:8082
['docker', 'run', '-p', '8082:8080', '--net=mynet', '--ip=10.0.0.2', '-e', 'VIEW=10.0.0.2:8080,10.0.0.3:8080', '-e', 'IP_PORT=10.0.0.2:8080', '-d', 'cs128-hw3']
spinning docker container: localhost:8083
['docker', 'run', '-p', '8083:8080', '--net=mynet', '--ip=10.0.0.3', '-e', 'VIEW=10.0.0.2:8080,10.0.0.3:8080', '-e', 'IP_PORT=10.0.0.3:8080', '-d', 'cs128-hw3']
completed spinning docker containers
GET: http://localhost:8082/keyValue-store/search/keyToBeDeletedFromTwoNodes
<Response [200]>
PUT: http://localhost:8083/keyValue-store/keyToBeDeletedFromTwoNodes
GET: http://localhost:8083/keyValue-store/search/keyToBeDeletedFromTwoNodes
<Response [200]>
GET: http://localhost:8082/keyValue-store/search/keyToBeDeletedFromTwoNodes
<Response [200]>
DELETE: http://localhost:8082/keyValue-store/keyToBeDeletedFromTwoNodes
<Response [200]>
GET: http://localhost:8082/keyValue-store/search/keyToBeDeletedFromTwoNodes
<Response [200]>
GET: http://localhost:8083/keyValue-store/search/keyToBeDeletedFromTwoNodes
<Response [200]>
cleaning up all docker containers
done cleaning
spinning docker container: localhost:8082
['docker', 'run', '-p', '8082:8080', '--net=mynet', '--ip=10.0.0.2', '-e', 'VIEW=10.0.0.2:8080,10.0.0.3:8080', '-e', 'IP_PORT=10.0.0.2:8080', '-d', 'cs128-hw3']
spinning docker container: localhost:8083
['docker', 'run', '-p', '8083:8080', '--net=mynet', '--ip=10.0.0.3', '-e', 'VIEW=10.0.0.2:8080,10.0.0.3:8080', '-e', 'IP_PORT=10.0.0.3:8080', '-d', 'cs128-hw3']
completed spinning docker containers
GET: http://localhost:8082/keyValue-store/search/SomethingWhichDoesNotExist
<Response [200]>
cleaning up all docker containers
done cleaning
spinning docker container: localhost:8082
['docker', 'run', '-p', '8082:8080', '--net=mynet', '--ip=10.0.0.2', '-e', 'VIEW=10.0.0.2:8080,10.0.0.3:8080', '-e', 'IP_PORT=10.0.0.2:8080', '-d', 'cs128-hw3']
spinning docker container: localhost:8083
['docker', 'run', '-p', '8083:8080', '--net=mynet', '--ip=10.0.0.3', '-e', 'VIEW=10.0.0.2:8080,10.0.0.3:8080', '-e', 'IP_PORT=10.0.0.3:8080', '-d', 'cs128-hw3']
completed spinning docker containers
GET: http://localhost:8082/keyValue-store/SomethingWhichDoesNotExist
<Response [404]>
cleaning up all docker containers
done cleaning
spinning docker container: localhost:8082
['docker', 'run', '-p', '8082:8080', '--net=mynet', '--ip=10.0.0.2', '-e', 'VIEW=10.0.0.2:8080,10.0.0.3:8080', '-e', 'IP_PORT=10.0.0.2:8080', '-d', 'cs128-hw3']
spinning docker container: localhost:8083
['docker', 'run', '-p', '8083:8080', '--net=mynet', '--ip=10.0.0.3', '-e', 'VIEW=10.0.0.2:8080,10.0.0.3:8080', '-e', 'IP_PORT=10.0.0.3:8080', '-d', 'cs128-hw3']
completed spinning docker containers
DELETE: http://localhost:8082/keyValue-store/SomethingWhichDoesNotExist
<Response [404]>
cleaning up all docker containers
done cleaning
spinning docker container: localhost:8082
['docker', 'run', '-p', '8082:8080', '--net=mynet', '--ip=10.0.0.2', '-e', 'VIEW=10.0.0.2:8080,10.0.0.3:8080', '-e', 'IP_PORT=10.0.0.2:8080', '-d', 'cs128-hw3']
spinning docker container: localhost:8083
['docker', 'run', '-p', '8083:8080', '--net=mynet', '--ip=10.0.0.3', '-e', 'VIEW=10.0.0.2:8080,10.0.0.3:8080', '-e', 'IP_PORT=10.0.0.3:8080', '-d', 'cs128-hw3']
completed spinning docker containers
GET: http://localhost:8082/view
<Response [200]>
cleaning up all docker containers
done cleaning
spinning docker container: localhost:8082
['docker', 'run', '-p', '8082:8080', '--net=mynet', '--ip=10.0.0.2', '-e', 'VIEW=10.0.0.2:8080,10.0.0.3:8080', '-e', 'IP_PORT=10.0.0.2:8080', '-d', 'cs128-hw3']
spinning docker container: localhost:8083
['docker', 'run', '-p', '8083:8080', '--net=mynet', '--ip=10.0.0.3', '-e', 'VIEW=10.0.0.2:8080,10.0.0.3:8080', '-e', 'IP_PORT=10.0.0.3:8080', '-d', 'cs128-hw3']
completed spinning docker containers
spinning docker container: localhost:8084
['docker', 'run', '-p', '8084:8080', '--net=mynet', '--ip=10.0.0.4', '-e', 'VIEW=10.0.0.2:8080,10.0.0.3:8080,10.0.0.4:8080', '-e', 'IP_PORT=10.0.0.4:8080', '-d', 'cs128-hw3']
completed spinning docker container {'testScriptAddress': 'localhost:8084', 'networkIpPortAddress': '10.0.0.4:8080', 'containerID': '97b0895498b8f8b9fb1b98c9da0a572babd4cceeaf686e46d2bd6356d6cbf721'}
PUT: http://localhost:8082/view
<Response [404]>
cleaning up all docker containers
done cleaning
spinning docker container: localhost:8082
['docker', 'run', '-p', '8082:8080', '--net=mynet', '--ip=10.0.0.2', '-e', 'VIEW=10.0.0.2:8080,10.0.0.3:8080', '-e', 'IP_PORT=10.0.0.2:8080', '-d', 'cs128-hw3']
spinning docker container: localhost:8083
['docker', 'run', '-p', '8083:8080', '--net=mynet', '--ip=10.0.0.3', '-e', 'VIEW=10.0.0.2:8080,10.0.0.3:8080', '-e', 'IP_PORT=10.0.0.3:8080', '-d', 'cs128-hw3']
completed spinning docker containers
DELETE: http://localhost:8082/view
<Response [200]>
GET: http://localhost:8082/view
<Response [200]>
cleaning up all docker containers
done cleaning
spinning docker container: localhost:8082
['docker', 'run', '-p', '8082:8080', '--net=mynet', '--ip=10.0.0.2', '-e', 'VIEW=10.0.0.2:8080,10.0.0.3:8080', '-e', 'IP_PORT=10.0.0.2:8080', '-d', 'cs128-hw3']
spinning docker container: localhost:8083
['docker', 'run', '-p', '8083:8080', '--net=mynet', '--ip=10.0.0.3', '-e', 'VIEW=10.0.0.2:8080,10.0.0.3:8080', '-e', 'IP_PORT=10.0.0.3:8080', '-d', 'cs128-hw3']
completed spinning docker containers
GET: http://localhost:8082/keyValue-store/search/OhLookAKey
<Response [200]>
PUT: http://localhost:8082/keyValue-store/OhLookAKey
spinning docker container: localhost:8084
['docker', 'run', '-p', '8084:8080', '--net=mynet', '--ip=10.0.0.4', '-e', 'VIEW=10.0.0.2:8080,10.0.0.3:8080,10.0.0.4:8080', '-e', 'IP_PORT=10.0.0.4:8080', '-d', 'cs128-hw3']
completed spinning docker container {'testScriptAddress': 'localhost:8084', 'networkIpPortAddress': '10.0.0.4:8080', 'containerID': '6f2858b992d2f5253ea085ce583dd50d31fb55b52164d07fd5b82e63e448a65a'}
PUT: http://localhost:8082/view
<Response [404]>
cleaning up all docker containers
done cleaning
spinning docker container: localhost:8082
['docker', 'run', '-p', '8082:8080', '--net=mynet', '--ip=10.0.0.2', '-e', 'VIEW=10.0.0.2:8080,10.0.0.3:8080', '-e', 'IP_PORT=10.0.0.2:8080', '-d', 'cs128-hw3']
spinning docker container: localhost:8083
['docker', 'run', '-p', '8083:8080', '--net=mynet', '--ip=10.0.0.3', '-e', 'VIEW=10.0.0.2:8080,10.0.0.3:8080', '-e', 'IP_PORT=10.0.0.3:8080', '-d', 'cs128-hw3']
completed spinning docker containers
spinning docker container: localhost:8084
['docker', 'run', '-p', '8084:8080', '--net=mynet', '--ip=10.0.0.4', '-e', 'VIEW=10.0.0.2:8080,10.0.0.3:8080,10.0.0.4:8080', '-e', 'IP_PORT=10.0.0.4:8080', '-d', 'cs128-hw3']
completed spinning docker container {'testScriptAddress': 'localhost:8084', 'networkIpPortAddress': '10.0.0.4:8080', 'containerID': '574a1887ad314840879eb7a59a664724eb56a148e1eb2d151b7eb153fa10d891'}
PUT: http://localhost:8082/view
<Response [404]>
cleaning up all docker containers
done cleaning
spinning docker container: localhost:8082
['docker', 'run', '-p', '8082:8080', '--net=mynet', '--ip=10.0.0.2', '-e', 'VIEW=10.0.0.2:8080,10.0.0.3:8080', '-e', 'IP_PORT=10.0.0.2:8080', '-d', 'cs128-hw3']
spinning docker container: localhost:8083
['docker', 'run', '-p', '8083:8080', '--net=mynet', '--ip=10.0.0.3', '-e', 'VIEW=10.0.0.2:8080,10.0.0.3:8080', '-e', 'IP_PORT=10.0.0.3:8080', '-d', 'cs128-hw3']
completed spinning docker containers
spinning docker container: localhost:8084
['docker', 'run', '-p', '8084:8080', '--net=mynet', '--ip=10.0.0.4', '-e', 'VIEW=10.0.0.2:8080,10.0.0.3:8080,10.0.0.4:8080', '-e', 'IP_PORT=10.0.0.4:8080', '-d', 'cs128-hw3']
completed spinning docker container {'testScriptAddress': 'localhost:8084', 'networkIpPortAddress': '10.0.0.4:8080', 'containerID': '09d19c227f7e15884b2dedcf9b7673810b82dea84a97e00b9212b7a0032a1e9b'}
PUT: http://localhost:8082/view
<Response [404]>
cleaning up all docker containers
done cleaning
spinning docker container: localhost:8082
['docker', 'run', '-p', '8082:8080', '--net=mynet', '--ip=10.0.0.2', '-e', 'VIEW=10.0.0.2:8080,10.0.0.3:8080', '-e', 'IP_PORT=10.0.0.2:8080', '-d', 'cs128-hw3']
spinning docker container: localhost:8083
['docker', 'run', '-p', '8083:8080', '--net=mynet', '--ip=10.0.0.3', '-e', 'VIEW=10.0.0.2:8080,10.0.0.3:8080', '-e', 'IP_PORT=10.0.0.3:8080', '-d', 'cs128-hw3']
completed spinning docker containers
GET: http://10.0.0.3:8080/keyValue-store/search/HeyWhereDidYouGo
cleaning up all docker containers
done cleaning
spinning docker container: localhost:8082
['docker', 'run', '-p', '8082:8080', '--net=mynet', '--ip=10.0.0.2', '-e', 'VIEW=10.0.0.2:8080,10.0.0.3:8080', '-e', 'IP_PORT=10.0.0.2:8080', '-d', 'cs128-hw3']
spinning docker container: localhost:8083
['docker', 'run', '-p', '8083:8080', '--net=mynet', '--ip=10.0.0.3', '-e', 'VIEW=10.0.0.2:8080,10.0.0.3:8080', '-e', 'IP_PORT=10.0.0.3:8080', '-d', 'cs128-hw3']
completed spinning docker containers
DELETE: http://10.0.0.2:8080/view
cleaning up all docker containers
done cleaning
spinning docker container: localhost:8082
['docker', 'run', '-p', '8082:8080', '--net=mynet', '--ip=10.0.0.2', '-e', 'VIEW=10.0.0.2:8080,10.0.0.3:8080', '-e', 'IP_PORT=10.0.0.2:8080', '-d', 'cs128-hw3']
spinning docker container: localhost:8083
['docker', 'run', '-p', '8083:8080', '--net=mynet', '--ip=10.0.0.3', '-e', 'VIEW=10.0.0.2:8080,10.0.0.3:8080', '-e', 'IP_PORT=10.0.0.3:8080', '-d', 'cs128-hw3']
completed spinning docker containers
GET: http://localhost:8083/keyValue-store/search/ThisLand
<Response [200]>
PUT: http://localhost:8082/keyValue-store/ThisLand
cleaning up container d7507e76f872ddfddfe79d4dfa25e1a139d709569ef0c8549c2dfe4ecfafd1d8
done cleaning
GET: http://localhost:8083/keyValue-store/search/ThisLand
<Response [200]>
GET: http://localhost:8083/keyValue-store/ThisLand
<Response [200]>
cleaning up all docker containers
done cleaning
